sim-cache: SimpleScalar/Alpha Tool Set version 3.0 of August, 2003.
Copyright (c) 1994-2003 by Todd M. Austin, Ph.D. and SimpleScalar, LLC.
All Rights Reserved. This version of SimpleScalar is licensed for academic
non-commercial use.  No portion of this work may be used by any commercial
entity, or for any commercial purpose, without the prior written permission
of SimpleScalar, LLC (info@simplescalar.com).

warning: section `.comment' ignored...
sim: command line: ./sim-cache -config splitL3.cfg -redir:sim splitL3fmath.out ./test-fmath 

sim: simulation started @ Sat Aug 28 23:22:27 2021, options follow:

sim-cache: This simulator implements a functional cache simulator.  Cache
statistics are generated for a user-selected cache and TLB configuration,
which may include up to three levels of instruction and data cache (with any
levels unified), and one level of instruction and data TLBs.  No timing
information is generated.

# -config                     # load configuration from a file
# -dumpconfig                 # dump configuration to a file
# -h                    false # print help message    
# -v                    false # verbose operation     
# -d                    false # enable debug message  
# -i                    false # start in Dlite debugger
-seed                       1 # random number generator seed (0 for timer seed)
# -q                    false # initialize and terminate immediately
# -chkpt               <null> # restore EIO trace execution from <fname>
# -redir:sim     splitL3fmath.out # redirect simulator output to file (non-interactive only)
# -redir:prog          <null> # redirect simulated program output to file
-nice                       0 # simulator scheduling priority
-max:inst                   0 # maximum number of inst's to execute
-cache:dl1       dl1:128:64:2:l # l1 data cache config, i.e., {<config>|none}
-cache:dl2       dl2:256:64:2:l # l2 data cache config, i.e., {<config>|none}
-cache:dl3       dl3:512:64:2:l # l3 data cache config, i.e., {<config>|none}
-cache:il1       il1:128:64:2:l # l1 inst cache config, i.e., {<config>|dl1|dl2|dl3|none}
-cache:il2       il2:256:64:2:l; # l2 instruction cache config, i.e., {<config>|dl2|dl3|none}
-cache:il3       il3:512:64:2:l; # l3 instruction cache config, i.e., {<config>|dl3|none}
-tlb:itlb                none # instruction TLB config, i.e., {<config>|none}
-tlb:dtlb                none # data TLB config, i.e., {<config>|none}
-flush                  false # flush caches on system calls
-cache:icompress        false # convert 64-bit inst addresses to 32-bit inst equivalents
# -pcstat              <null> # profile stat(s) against text addr's (mult uses ok)

  The cache config parameter <config> has the following format:

    <name>:<nsets>:<bsize>:<assoc>:<repl>

    <name>   - name of the cache being defined
    <nsets>  - number of sets in the cache
    <bsize>  - block size of the cache
    <assoc>  - associativity of the cache
    <repl>   - block replacement strategy, 'l'-LRU, 'f'-FIFO, 'r'-random

    Examples:   -cache:dl1 dl1:4096:32:1:l
                -dtlb dtlb:128:4096:32:r

  Cache levels can be unified by pointing a level of the instruction cache
  hierarchy at the data cache hiearchy using the "dl1" and "dl2" cache
  configuration arguments.  Most sensible combinations are supported, e.g.,

    A unified l2 cache (il2 is pointed at dl2):
      -cache:il1 il1:128:64:1:l -cache:il2 dl2
      -cache:dl1 dl1:256:32:1:l -cache:dl2 ul2:1024:64:2:l

    Or, a fully unified cache hierarchy (il1 pointed at dl1):
      -cache:il1 dl1
      -cache:dl1 ul1:256:32:1:l -cache:dl2 ul2:1024:64:2:l



sim: ** starting functional simulation w/ caches **
warning: partially supported sigprocmask() call...

sim: ** simulation statistics **
sim_cycle                     19878 # total simulation time in cycles
sim_IPC                      1.0001 # instructions per cycle
sim_CPI                      0.9999 # cycles per instruction
sim_exec_BW            <error: variable is undefined> # total instructions (mis-spec + committed) per cycle
sim_IPB                <error: variable is undefined> # instruction per branch
sim_num_insn                  19879 # total number of instructions executed
sim_num_refs                   6023 # total number of loads and stores executed
sim_elapsed_time                  1 # total simulation time in seconds
sim_inst_rate            19879.0000 # simulation speed (in insts/sec)
il1.accesses                  19879 # total number of accesses
il1.hits                      19346 # total number of hits
il1.misses                      533 # total number of misses
il1.replacements                306 # total number of replacements
il1.writebacks                    0 # total number of writebacks
il1.invalidations                 0 # total number of invalidations
il1.miss_rate                0.0268 # miss rate (i.e., misses/ref)
il1.repl_rate                0.0154 # replacement rate (i.e., repls/ref)
il1.wb_rate                  0.0000 # writeback rate (i.e., wrbks/ref)
il1.inv_rate                 0.0000 # invalidation rate (i.e., invs/ref)
il2.accesses                    533 # total number of accesses
il2.hits                         97 # total number of hits
il2.misses                      436 # total number of misses
il2.replacements                125 # total number of replacements
il2.writebacks                    0 # total number of writebacks
il2.invalidations                 0 # total number of invalidations
il2.miss_rate                0.8180 # miss rate (i.e., misses/ref)
il2.repl_rate                0.2345 # replacement rate (i.e., repls/ref)
il2.wb_rate                  0.0000 # writeback rate (i.e., wrbks/ref)
il2.inv_rate                 0.0000 # invalidation rate (i.e., invs/ref)
il3.accesses                    436 # total number of accesses
il3.hits                         93 # total number of hits
il3.misses                      343 # total number of misses
il3.replacements                  9 # total number of replacements
il3.writebacks                    0 # total number of writebacks
il3.invalidations                 0 # total number of invalidations
il3.miss_rate                0.7867 # miss rate (i.e., misses/ref)
il3.repl_rate                0.0206 # replacement rate (i.e., repls/ref)
il3.wb_rate                  0.0000 # writeback rate (i.e., wrbks/ref)
il3.inv_rate                 0.0000 # invalidation rate (i.e., invs/ref)
dl1.accesses                   6184 # total number of accesses
dl1.hits                       5985 # total number of hits
dl1.misses                      199 # total number of misses
dl1.replacements                 28 # total number of replacements
dl1.writebacks                   18 # total number of writebacks
dl1.invalidations                 0 # total number of invalidations
dl1.miss_rate                0.0322 # miss rate (i.e., misses/ref)
dl1.repl_rate                0.0045 # replacement rate (i.e., repls/ref)
dl1.wb_rate                  0.0029 # writeback rate (i.e., wrbks/ref)
dl1.inv_rate                 0.0000 # invalidation rate (i.e., invs/ref)
dl2.accesses                    217 # total number of accesses
dl2.hits                         24 # total number of hits
dl2.misses                      193 # total number of misses
dl2.replacements                  7 # total number of replacements
dl2.writebacks                    1 # total number of writebacks
dl2.invalidations                 0 # total number of invalidations
dl2.miss_rate                0.8894 # miss rate (i.e., misses/ref)
dl2.repl_rate                0.0323 # replacement rate (i.e., repls/ref)
dl2.wb_rate                  0.0046 # writeback rate (i.e., wrbks/ref)
dl2.inv_rate                 0.0000 # invalidation rate (i.e., invs/ref)
dl3.accesses                    194 # total number of accesses
dl3.hits                          1 # total number of hits
dl3.misses                      193 # total number of misses
dl3.replacements                  1 # total number of replacements
dl3.writebacks                    0 # total number of writebacks
dl3.invalidations                 0 # total number of invalidations
dl3.miss_rate                0.9948 # miss rate (i.e., misses/ref)
dl3.repl_rate                0.0052 # replacement rate (i.e., repls/ref)
dl3.wb_rate                  0.0000 # writeback rate (i.e., wrbks/ref)
dl3.inv_rate                 0.0000 # invalidation rate (i.e., invs/ref)
ld_text_base           0x0120000000 # program text (code) segment base
ld_text_size                 155648 # program text (code) size in bytes
ld_data_base           0x0140000000 # program initialized data segment base
ld_data_size                  41216 # program init'ed `.data' and uninit'ed `.bss' size in bytes
ld_stack_base          0x011ff9b000 # program stack segment base (highest address in stack)
ld_stack_size                 16384 # program initial stack size
ld_prog_entry          0x012000aed0 # program entry point (initial PC)
ld_environ_base        0x011ff97000 # program environment base address address
ld_target_big_endian              0 # target executable endian-ness, non-zero if big endian
mem.page_count                   25 # total number of pages allocated
mem.page_mem                   200k # total size of memory pages allocated
mem.ptab_misses                 113 # total first level page table misses
mem.ptab_accesses            411756 # total page table accesses
mem.ptab_miss_rate           0.0003 # first level page table miss rate

